<?xml version="1.0" encoding="UTF-8"?>
<!-- Generated by org.testng.reporters.JUnitXMLReporter -->
<testsuite hostname="Пользователь-ПК" tests="8" failures="7" timestamp="13 May 2013 01:34:51 GMT" time="58.739" errors="0">
  <testcase name="RunPictoPop" time="16.574" classname="LoginTest">
    <failure type="org.sikuli.script.FindFailed" message="can not find Pattern(&amp;quot;C:\Users\efrolova\ExSikuli\src\main\resources\VNC\logonUser.png&amp;quot;).similar(0.7) on the screen.">
      <![CDATA[FindFailed: can not find Pattern("C:\Users\efrolova\ExSikuli\src\main\resources\VNC\logonUser.png").similar(0.7) on the screen.
Line ?, in File ?
	at org.sikuli.script.Region.handleFindFailed(Region.java:420)
	at org.sikuli.script.Region.wait(Region.java:511)
	at org.sikuli.script.Region.find(Region.java:381)
	at org.sikuli.script.Region.getLocationFromPSRML(Region.java:1129)
	at org.sikuli.script.Region.click(Region.java:606)
	at org.sikuli.script.Region.click(Region.java:593)
	at automation.LoginScreen.LoginInVnc(LoginScreen.java:78)
	at LoginTest.ValidLoginInVNC_BaseTest(LoginTest.java:24)
	at LoginTest.RunPictoPop(LoginTest.java:30)
	at org.apache.maven.surefire.testng.TestNGExecutor.run(TestNGExecutor.java:70)
	at org.apache.maven.surefire.testng.TestNGDirectoryTestSuite.executeMulti(TestNGDirectoryTestSuite.java:158)
	at org.apache.maven.surefire.testng.TestNGDirectoryTestSuite.execute(TestNGDirectoryTestSuite.java:98)
	at org.apache.maven.surefire.testng.TestNGProvider.invoke(TestNGProvider.java:111)
	at org.apache.maven.surefire.util.ReflectionUtils.invokeMethodWithArray(ReflectionUtils.java:164)
	at org.apache.maven.surefire.booter.ProviderFactory$ProviderProxy.invoke(ProviderFactory.java:110)
	at org.apache.maven.surefire.booter.SurefireStarter.invokeProvider(SurefireStarter.java:175)
	at org.apache.maven.surefire.booter.SurefireStarter.runSuitesInProcessWhenForked(SurefireStarter.java:107)
	at org.apache.maven.surefire.booter.ForkedBooter.main(ForkedBooter.java:68)
... Removed 25 stack frames]]>
    </failure>
  </testcase>
  <testcase name="SetImageOnWelcomePage" time="13.479" classname="LoginTest">
    <failure type="org.sikuli.script.FindFailed" message="can not find Pattern(&amp;quot;C:\Users\efrolova\ExSikuli\src\main\resources\VNC\logonUser.png&amp;quot;).similar(0.7) on the screen.">
      <![CDATA[FindFailed: can not find Pattern("C:\Users\efrolova\ExSikuli\src\main\resources\VNC\logonUser.png").similar(0.7) on the screen.
Line ?, in File ?
	at org.sikuli.script.Region.handleFindFailed(Region.java:420)
	at org.sikuli.script.Region.wait(Region.java:511)
	at org.sikuli.script.Region.find(Region.java:381)
	at org.sikuli.script.Region.getLocationFromPSRML(Region.java:1129)
	at org.sikuli.script.Region.click(Region.java:606)
	at org.sikuli.script.Region.click(Region.java:593)
	at automation.LoginScreen.LoginInVnc(LoginScreen.java:78)
	at LoginTest.ValidLoginInVNC_BaseTest(LoginTest.java:24)
	at LoginTest.SetImageOnWelcomePage(LoginTest.java:109)
	at org.apache.maven.surefire.testng.TestNGExecutor.run(TestNGExecutor.java:70)
	at org.apache.maven.surefire.testng.TestNGDirectoryTestSuite.executeMulti(TestNGDirectoryTestSuite.java:158)
	at org.apache.maven.surefire.testng.TestNGDirectoryTestSuite.execute(TestNGDirectoryTestSuite.java:98)
	at org.apache.maven.surefire.testng.TestNGProvider.invoke(TestNGProvider.java:111)
	at org.apache.maven.surefire.util.ReflectionUtils.invokeMethodWithArray(ReflectionUtils.java:164)
	at org.apache.maven.surefire.booter.ProviderFactory$ProviderProxy.invoke(ProviderFactory.java:110)
	at org.apache.maven.surefire.booter.SurefireStarter.invokeProvider(SurefireStarter.java:175)
	at org.apache.maven.surefire.booter.SurefireStarter.runSuitesInProcessWhenForked(SurefireStarter.java:107)
	at org.apache.maven.surefire.booter.ForkedBooter.main(ForkedBooter.java:68)
... Removed 25 stack frames]]>
    </failure>
  </testcase>
  <testcase name="SignIn" time="3.733" classname="LoginTest">
    <failure type="org.sikuli.script.FindFailed" message="can not find Pattern(&amp;quot;C:\Users\efrolova\ExSikuli\src\main\resources\VNC\ConectWindow.jpg&amp;quot;).similar(0.7) on the screen.">
      <![CDATA[FindFailed: can not find Pattern("C:\Users\efrolova\ExSikuli\src\main\resources\VNC\ConectWindow.jpg").similar(0.7) on the screen.
Line ?, in File ?
	at org.sikuli.script.Region.handleFindFailed(Region.java:420)
	at org.sikuli.script.Region.wait(Region.java:511)
	at org.sikuli.script.Region.wait(Region.java:478)
	at automation.LoginScreen.<init>(LoginScreen.java:49)
	at LoginTest.ValidLoginInVNC_BaseTest(LoginTest.java:23)
	at LoginTest.SignIn(LoginTest.java:69)
	at org.apache.maven.surefire.testng.TestNGExecutor.run(TestNGExecutor.java:70)
	at org.apache.maven.surefire.testng.TestNGDirectoryTestSuite.executeMulti(TestNGDirectoryTestSuite.java:158)
	at org.apache.maven.surefire.testng.TestNGDirectoryTestSuite.execute(TestNGDirectoryTestSuite.java:98)
	at org.apache.maven.surefire.testng.TestNGProvider.invoke(TestNGProvider.java:111)
	at org.apache.maven.surefire.util.ReflectionUtils.invokeMethodWithArray(ReflectionUtils.java:164)
	at org.apache.maven.surefire.booter.ProviderFactory$ProviderProxy.invoke(ProviderFactory.java:110)
	at org.apache.maven.surefire.booter.SurefireStarter.invokeProvider(SurefireStarter.java:175)
	at org.apache.maven.surefire.booter.SurefireStarter.runSuitesInProcessWhenForked(SurefireStarter.java:107)
	at org.apache.maven.surefire.booter.ForkedBooter.main(ForkedBooter.java:68)
... Removed 25 stack frames]]>
    </failure>
  </testcase>
  <testcase name="SignUpExName" time="13.189" classname="LoginTest">
    <failure type="org.sikuli.script.FindFailed" message="can not find Pattern(&amp;quot;C:\Users\efrolova\ExSikuli\src\main\resources\VNC\logonUser.png&amp;quot;).similar(0.7) on the screen.">
      <![CDATA[FindFailed: can not find Pattern("C:\Users\efrolova\ExSikuli\src\main\resources\VNC\logonUser.png").similar(0.7) on the screen.
Line ?, in File ?
	at org.sikuli.script.Region.handleFindFailed(Region.java:420)
	at org.sikuli.script.Region.wait(Region.java:511)
	at org.sikuli.script.Region.find(Region.java:381)
	at org.sikuli.script.Region.getLocationFromPSRML(Region.java:1129)
	at org.sikuli.script.Region.click(Region.java:606)
	at org.sikuli.script.Region.click(Region.java:593)
	at automation.LoginScreen.LoginInVnc(LoginScreen.java:78)
	at LoginTest.ValidLoginInVNC_BaseTest(LoginTest.java:24)
	at LoginTest.SignUpExName(LoginTest.java:96)
	at org.apache.maven.surefire.testng.TestNGExecutor.run(TestNGExecutor.java:70)
	at org.apache.maven.surefire.testng.TestNGDirectoryTestSuite.executeMulti(TestNGDirectoryTestSuite.java:158)
	at org.apache.maven.surefire.testng.TestNGDirectoryTestSuite.execute(TestNGDirectoryTestSuite.java:98)
	at org.apache.maven.surefire.testng.TestNGProvider.invoke(TestNGProvider.java:111)
	at org.apache.maven.surefire.util.ReflectionUtils.invokeMethodWithArray(ReflectionUtils.java:164)
	at org.apache.maven.surefire.booter.ProviderFactory$ProviderProxy.invoke(ProviderFactory.java:110)
	at org.apache.maven.surefire.booter.SurefireStarter.invokeProvider(SurefireStarter.java:175)
	at org.apache.maven.surefire.booter.SurefireStarter.runSuitesInProcessWhenForked(SurefireStarter.java:107)
	at org.apache.maven.surefire.booter.ForkedBooter.main(ForkedBooter.java:68)
... Removed 25 stack frames]]>
    </failure>
  </testcase>
  <testcase name="SignUpNegName" time="3.645" classname="LoginTest">
    <failure type="org.sikuli.script.FindFailed" message="can not find Pattern(&amp;quot;C:\Users\efrolova\ExSikuli\src\main\resources\VNC\ConectWindow.jpg&amp;quot;).similar(0.7) on the screen.">
      <![CDATA[FindFailed: can not find Pattern("C:\Users\efrolova\ExSikuli\src\main\resources\VNC\ConectWindow.jpg").similar(0.7) on the screen.
Line ?, in File ?
	at org.sikuli.script.Region.handleFindFailed(Region.java:420)
	at org.sikuli.script.Region.wait(Region.java:511)
	at org.sikuli.script.Region.wait(Region.java:478)
	at automation.LoginScreen.<init>(LoginScreen.java:49)
	at LoginTest.ValidLoginInVNC_BaseTest(LoginTest.java:23)
	at LoginTest.SignUpNegName(LoginTest.java:82)
	at org.apache.maven.surefire.testng.TestNGExecutor.run(TestNGExecutor.java:70)
	at org.apache.maven.surefire.testng.TestNGDirectoryTestSuite.executeMulti(TestNGDirectoryTestSuite.java:158)
	at org.apache.maven.surefire.testng.TestNGDirectoryTestSuite.execute(TestNGDirectoryTestSuite.java:98)
	at org.apache.maven.surefire.testng.TestNGProvider.invoke(TestNGProvider.java:111)
	at org.apache.maven.surefire.util.ReflectionUtils.invokeMethodWithArray(ReflectionUtils.java:164)
	at org.apache.maven.surefire.booter.ProviderFactory$ProviderProxy.invoke(ProviderFactory.java:110)
	at org.apache.maven.surefire.booter.SurefireStarter.invokeProvider(SurefireStarter.java:175)
	at org.apache.maven.surefire.booter.SurefireStarter.runSuitesInProcessWhenForked(SurefireStarter.java:107)
	at org.apache.maven.surefire.booter.ForkedBooter.main(ForkedBooter.java:68)
... Removed 25 stack frames]]>
    </failure>
  </testcase>
  <testcase name="SignUpWithImage" time="3.549" classname="LoginTest">
    <failure type="org.sikuli.script.FindFailed" message="can not find Pattern(&amp;quot;C:\Users\efrolova\ExSikuli\src\main\resources\VNC\ConectWindow.jpg&amp;quot;).similar(0.7) on the screen.">
      <![CDATA[FindFailed: can not find Pattern("C:\Users\efrolova\ExSikuli\src\main\resources\VNC\ConectWindow.jpg").similar(0.7) on the screen.
Line ?, in File ?
	at org.sikuli.script.Region.handleFindFailed(Region.java:420)
	at org.sikuli.script.Region.wait(Region.java:511)
	at org.sikuli.script.Region.wait(Region.java:478)
	at automation.LoginScreen.<init>(LoginScreen.java:49)
	at LoginTest.ValidLoginInVNC_BaseTest(LoginTest.java:23)
	at LoginTest.SignUpWithImage(LoginTest.java:55)
	at org.apache.maven.surefire.testng.TestNGExecutor.run(TestNGExecutor.java:70)
	at org.apache.maven.surefire.testng.TestNGDirectoryTestSuite.executeMulti(TestNGDirectoryTestSuite.java:158)
	at org.apache.maven.surefire.testng.TestNGDirectoryTestSuite.execute(TestNGDirectoryTestSuite.java:98)
	at org.apache.maven.surefire.testng.TestNGProvider.invoke(TestNGProvider.java:111)
	at org.apache.maven.surefire.util.ReflectionUtils.invokeMethodWithArray(ReflectionUtils.java:164)
	at org.apache.maven.surefire.booter.ProviderFactory$ProviderProxy.invoke(ProviderFactory.java:110)
	at org.apache.maven.surefire.booter.SurefireStarter.invokeProvider(SurefireStarter.java:175)
	at org.apache.maven.surefire.booter.SurefireStarter.runSuitesInProcessWhenForked(SurefireStarter.java:107)
	at org.apache.maven.surefire.booter.ForkedBooter.main(ForkedBooter.java:68)
... Removed 25 stack frames]]>
    </failure>
  </testcase>
  <testcase name="SignUpWithoutImage" time="3.625" classname="LoginTest">
    <failure type="org.sikuli.script.FindFailed" message="can not find Pattern(&amp;quot;C:\Users\efrolova\ExSikuli\src\main\resources\VNC\ConectWindow.jpg&amp;quot;).similar(0.7) on the screen.">
      <![CDATA[FindFailed: can not find Pattern("C:\Users\efrolova\ExSikuli\src\main\resources\VNC\ConectWindow.jpg").similar(0.7) on the screen.
Line ?, in File ?
	at org.sikuli.script.Region.handleFindFailed(Region.java:420)
	at org.sikuli.script.Region.wait(Region.java:511)
	at org.sikuli.script.Region.wait(Region.java:478)
	at automation.LoginScreen.<init>(LoginScreen.java:49)
	at LoginTest.ValidLoginInVNC_BaseTest(LoginTest.java:23)
	at LoginTest.SignUpWithoutImage(LoginTest.java:40)
	at org.apache.maven.surefire.testng.TestNGExecutor.run(TestNGExecutor.java:70)
	at org.apache.maven.surefire.testng.TestNGDirectoryTestSuite.executeMulti(TestNGDirectoryTestSuite.java:158)
	at org.apache.maven.surefire.testng.TestNGDirectoryTestSuite.execute(TestNGDirectoryTestSuite.java:98)
	at org.apache.maven.surefire.testng.TestNGProvider.invoke(TestNGProvider.java:111)
	at org.apache.maven.surefire.util.ReflectionUtils.invokeMethodWithArray(ReflectionUtils.java:164)
	at org.apache.maven.surefire.booter.ProviderFactory$ProviderProxy.invoke(ProviderFactory.java:110)
	at org.apache.maven.surefire.booter.SurefireStarter.invokeProvider(SurefireStarter.java:175)
	at org.apache.maven.surefire.booter.SurefireStarter.runSuitesInProcessWhenForked(SurefireStarter.java:107)
	at org.apache.maven.surefire.booter.ForkedBooter.main(ForkedBooter.java:68)
... Removed 25 stack frames]]>
    </failure>
  </testcase>
  <testcase name="searchAndPlayTest" time="0.0" classname="SearchAndPlayTest"/>
</testsuite>
